F:\STUDY\VS2012 PROJECT\C-\C-\DEBUG\ANALYZER.OBJ
F:\STUDY\VS2012 PROJECT\C-\C-\DEBUG\FUNTABLE.OBJ
F:\STUDY\VS2012 PROJECT\C-\C-\DEBUG\GENERATOR.OBJ
F:\STUDY\VS2012 PROJECT\C-\C-\DEBUG\MAIN.OBJ
F:\STUDY\VS2012 PROJECT\C-\C-\DEBUG\PARSER.OBJ
F:\STUDY\VS2012 PROJECT\C-\C-\DEBUG\RESERVEDTABLE.OBJ
F:\STUDY\VS2012 PROJECT\C-\C-\DEBUG\SCAN.OBJ
F:\STUDY\VS2012 PROJECT\C-\C-\DEBUG\SYMTABLE.OBJ
F:\STUDY\VS2012 PROJECT\C-\C-\DEBUG\VC110.PDB
F:\STUDY\VS2012 PROJECT\C-\DEBUG\C-.ILK
F:\STUDY\VS2012 PROJECT\C-\DEBUG\C-.EXE
F:\STUDY\VS2012 PROJECT\C-\DEBUG\C-.PDB
F:\study\vs2012 Project\c-\c-\Debug\analyzer.obj
F:\study\vs2012 Project\c-\c-\Debug\funtable.obj
F:\study\vs2012 Project\c-\c-\Debug\generator.obj
F:\study\vs2012 Project\c-\c-\Debug\main.obj
F:\study\vs2012 Project\c-\c-\Debug\parser.obj
F:\study\vs2012 Project\c-\c-\Debug\reservedtable.obj
F:\study\vs2012 Project\c-\c-\Debug\scan.obj
F:\study\vs2012 Project\c-\c-\Debug\symtable.obj
F:\study\vs2012 Project\c-\c-\Debug\cl.command.1.tlog
F:\study\vs2012 Project\c-\c-\Debug\CL.read.1.tlog
F:\study\vs2012 Project\c-\c-\Debug\CL.write.1.tlog
F:\study\vs2012 Project\c-\c-\Debug\link-cvtres.read.1.tlog
F:\study\vs2012 Project\c-\c-\Debug\link-cvtres.write.1.tlog
F:\study\vs2012 Project\c-\c-\Debug\link-rc.read.1.tlog
F:\study\vs2012 Project\c-\c-\Debug\link-rc.write.1.tlog
F:\study\vs2012 Project\c-\c-\Debug\link.8672-cvtres.read.1.tlog
F:\study\vs2012 Project\c-\c-\Debug\link.8672-cvtres.write.1.tlog
F:\study\vs2012 Project\c-\c-\Debug\link.8672-rc.read.1.tlog
F:\study\vs2012 Project\c-\c-\Debug\link.8672-rc.write.1.tlog
F:\study\vs2012 Project\c-\c-\Debug\link.8672.read.1.tlog
F:\study\vs2012 Project\c-\c-\Debug\link.8672.write.1.tlog
F:\study\vs2012 Project\c-\c-\Debug\link.command.1.tlog
F:\study\vs2012 Project\c-\c-\Debug\link.read.1.tlog
F:\study\vs2012 Project\c-\c-\Debug\link.write.1.tlog
F:\study\vs2012 Project\c-\c-\Debug\vc110.idb
F:\study\vs2012 Project\c-\c-\Debug\vc110.pdb
F:\study\vs2012 Project\c-\Debug\c-.pdb
F:\study\vs2012 Project\c-\Debug\c-.exe
F:\study\vs2012 Project\c-\Debug\c-.ilk
