生成启动时间为 2013/8/7 10:59:55。
     1>项目“F:\study\vs2012 Project\c-\c-\c-.vcxproj”在节点 2 上(Build 个目标)。
     1>ClCompile:
         F:\Program Files\Microsoft Visual Studio 11.0\VC\bin\CL.exe /c /ZI /nologo /W3 /WX- /Od /Oy- /D _MBCS /Gm /EHsc /RTC1 /MDd /GS /fp:precise /Zc:wchar_t /Zc:forScope /Fo"Debug\\" /Fd"Debug\vc110.pdb" /Gd /TP /analyze- /errorReport:prompt generator.cpp main.cpp
         main.cpp
         generator.cpp
         正在生成代码...
       Link:
         F:\Program Files\Microsoft Visual Studio 11.0\VC\bin\link.exe /ERRORREPORT:PROMPT /OUT:"F:\study\vs2012 Project\c-\Debug\c-.exe" /INCREMENTAL /NOLOGO kernel32.lib user32.lib gdi32.lib winspool.lib comdlg32.lib advapi32.lib shell32.lib ole32.lib oleaut32.lib uuid.lib odbc32.lib odbccp32.lib /MANIFEST /MANIFESTUAC:"level='asInvoker' uiAccess='false'" /manifest:embed /DEBUG /PDB:"F:\study\vs2012 Project\c-\Debug\c-.pdb" /TLBID:1 /DYNAMICBASE /NXCOMPAT /IMPLIB:"F:\study\vs2012 Project\c-\Debug\c-.lib" /MACHINE:X86 Debug\analyzer.obj
         Debug\funtable.obj
         Debug\generator.obj
         Debug\main.obj
         Debug\parser.obj
         Debug\reservedtable.obj
         Debug\scan.obj
         Debug\symtable.obj
         c-.vcxproj -> F:\study\vs2012 Project\c-\Debug\c-.exe
     1>已完成生成项目“F:\study\vs2012 Project\c-\c-\c-.vcxproj”(Build 个目标)的操作。

生成成功。

已用时间 00:00:02.51
