F:\STUDY\VS2012 PROJECT\C-\C-\RELEASE\SYMTABLE.OBJ
F:\STUDY\VS2012 PROJECT\C-\C-\RELEASE\SCAN.OBJ
F:\STUDY\VS2012 PROJECT\C-\C-\RELEASE\RESERVEDTABLE.OBJ
F:\STUDY\VS2012 PROJECT\C-\C-\RELEASE\PARSER.OBJ
F:\STUDY\VS2012 PROJECT\C-\C-\RELEASE\MAIN.OBJ
F:\STUDY\VS2012 PROJECT\C-\C-\RELEASE\GENERATOR.OBJ
F:\STUDY\VS2012 PROJECT\C-\C-\RELEASE\FUNTABLE.OBJ
F:\STUDY\VS2012 PROJECT\C-\C-\RELEASE\ANALYZER.OBJ
F:\STUDY\VS2012 PROJECT\C-\C-\RELEASE\VC110.PDB
F:\STUDY\VS2012 PROJECT\C-\RELEASE\C-.EXE
F:\STUDY\VS2012 PROJECT\C-\RELEASE\C-.PDB
F:\study\vs2012 Project\c-\c-\Release\analyzer.obj
F:\study\vs2012 Project\c-\c-\Release\funtable.obj
F:\study\vs2012 Project\c-\c-\Release\generator.obj
F:\study\vs2012 Project\c-\c-\Release\main.obj
F:\study\vs2012 Project\c-\c-\Release\parser.obj
F:\study\vs2012 Project\c-\c-\Release\reservedtable.obj
F:\study\vs2012 Project\c-\c-\Release\scan.obj
F:\study\vs2012 Project\c-\c-\Release\symtable.obj
F:\study\vs2012 Project\c-\c-\Release\cl.command.1.tlog
F:\study\vs2012 Project\c-\c-\Release\CL.read.1.tlog
F:\study\vs2012 Project\c-\c-\Release\CL.write.1.tlog
F:\study\vs2012 Project\c-\c-\Release\link-cvtres.read.1.tlog
F:\study\vs2012 Project\c-\c-\Release\link-cvtres.write.1.tlog
F:\study\vs2012 Project\c-\c-\Release\link-rc.read.1.tlog
F:\study\vs2012 Project\c-\c-\Release\link-rc.write.1.tlog
F:\study\vs2012 Project\c-\c-\Release\link.command.1.tlog
F:\study\vs2012 Project\c-\c-\Release\link.read.1.tlog
F:\study\vs2012 Project\c-\c-\Release\link.write.1.tlog
F:\study\vs2012 Project\c-\c-\Release\vc110.pdb
F:\study\vs2012 Project\c-\Release\c-.pdb
F:\study\vs2012 Project\c-\Release\c-.exe
